<?xml version="1.0" encoding="UTF-8"?>
<testng-results skipped="0" failed="0" ignored="0" total="1" passed="1">
  <reporter-output>
  </reporter-output>
  <suite name="Default suite" duration-ms="3958" started-at="2019-10-16T07:52:15Z" finished-at="2019-10-16T07:52:19Z">
    <groups>
    </groups>
    <test name="Default test" duration-ms="3958" started-at="2019-10-16T07:52:15Z" finished-at="2019-10-16T07:52:19Z">
      <class name="Test.FlightBookingTest">
        <test-method status="PASS" signature="initialize()[pri:0, instance:Test.FlightBookingTest@735b5592]" name="initialize" is-config="true" duration-ms="11169" started-at="2019-10-16T07:52:04Z" finished-at="2019-10-16T07:52:15Z">
          <reporter-output>
          </reporter-output>
        </test-method> <!-- initialize -->
        <test-method status="PASS" signature="testThatResultsAppearForAOneWayJourney()[pri:0, instance:Test.FlightBookingTest@735b5592]" name="testThatResultsAppearForAOneWayJourney" duration-ms="3936" started-at="2019-10-16T07:52:15Z" finished-at="2019-10-16T07:52:19Z">
          <reporter-output>
          </reporter-output>
        </test-method> <!-- testThatResultsAppearForAOneWayJourney -->
        <test-method status="PASS" signature="TeardownTest()[pri:0, instance:Test.FlightBookingTest@735b5592]" name="TeardownTest" is-config="true" duration-ms="611" started-at="2019-10-16T07:52:19Z" finished-at="2019-10-16T07:52:20Z">
          <reporter-output>
          </reporter-output>
        </test-method> <!-- TeardownTest -->
      </class> <!-- Test.FlightBookingTest -->
    </test> <!-- Default test -->
  </suite> <!-- Default suite -->
</testng-results>
